WARNING:root:LibP2P not available, using fallback implementation
WARNING:root:PyBluez not available - BitChat will use simulation mode
Traceback (most recent call last):
  File "<string>", line 22, in <module>
  File "C:\Python312\Lib\encodings\cp1252.py", line 19, in encode
    return codecs.charmap_encode(input,self.errors,encoding_table)[0]
           ^^^^^^^^^^^^^^^^^^^^^^^^^^^^^^^^^^^^^^^^^^^^^^^^^^^^^^^
UnicodeEncodeError: 'charmap' codec can't encode character '\u2713' in position 0: character maps to <undefined>

During handling of the above exception, another exception occurred:

Traceback (most recent call last):
  File "<string>", line 25, in <module>
  File "C:\Python312\Lib\encodings\cp1252.py", line 19, in encode
    return codecs.charmap_encode(input,self.errors,encoding_table)[0]
           ^^^^^^^^^^^^^^^^^^^^^^^^^^^^^^^^^^^^^^^^^^^^^^^^^^^^^^^
UnicodeEncodeError: 'charmap' codec can't encode character '\u2717' in position 0: character maps to <undefined>
=== AI VILLAGE INTEGRATION TEST SUITE ===
Time: 2025-08-12T19:59:54.153296

1. CORE TRANSPORT MODULES
------------------------------
